mode: set
github.com/containeroo/portpatrol/pkg/httputils/http_parsing.go:20.59,24.27 3 1
github.com/containeroo/portpatrol/pkg/httputils/http_parsing.go:24.27,27.38 2 1
github.com/containeroo/portpatrol/pkg/httputils/http_parsing.go:27.38,30.18 2 1
github.com/containeroo/portpatrol/pkg/httputils/http_parsing.go:30.18,32.5 1 1
github.com/containeroo/portpatrol/pkg/httputils/http_parsing.go:33.4,34.12 2 1
github.com/containeroo/portpatrol/pkg/httputils/http_parsing.go:38.3,39.22 2 1
github.com/containeroo/portpatrol/pkg/httputils/http_parsing.go:39.22,41.4 1 1
github.com/containeroo/portpatrol/pkg/httputils/http_parsing.go:44.3,48.48 3 1
github.com/containeroo/portpatrol/pkg/httputils/http_parsing.go:48.48,50.4 1 1
github.com/containeroo/portpatrol/pkg/httputils/http_parsing.go:53.3,53.33 1 1
github.com/containeroo/portpatrol/pkg/httputils/http_parsing.go:53.33,55.4 1 1
github.com/containeroo/portpatrol/pkg/httputils/http_parsing.go:58.2,58.25 1 1
github.com/containeroo/portpatrol/pkg/httputils/http_parsing.go:70.84,72.19 2 1
github.com/containeroo/portpatrol/pkg/httputils/http_parsing.go:72.19,74.3 1 1
github.com/containeroo/portpatrol/pkg/httputils/http_parsing.go:77.2,78.29 2 1
github.com/containeroo/portpatrol/pkg/httputils/http_parsing.go:78.29,80.24 2 1
github.com/containeroo/portpatrol/pkg/httputils/http_parsing.go:80.24,81.12 1 1
github.com/containeroo/portpatrol/pkg/httputils/http_parsing.go:85.3,86.22 2 1
github.com/containeroo/portpatrol/pkg/httputils/http_parsing.go:86.22,88.4 1 1
github.com/containeroo/portpatrol/pkg/httputils/http_parsing.go:90.3,93.16 3 1
github.com/containeroo/portpatrol/pkg/httputils/http_parsing.go:93.16,95.4 1 1
github.com/containeroo/portpatrol/pkg/httputils/http_parsing.go:97.3,97.62 1 1
github.com/containeroo/portpatrol/pkg/httputils/http_parsing.go:97.62,99.4 1 1
github.com/containeroo/portpatrol/pkg/httputils/http_parsing.go:101.3,101.25 1 1
github.com/containeroo/portpatrol/pkg/httputils/http_parsing.go:104.2,104.23 1 1
